2025-06-11 14:18:51,075 - ERROR - Overlap
2025-06-13 15:33:37,117 - ERROR - Overlap
2025-06-13 15:35:05,852 - ERROR - Overlap
2025-06-13 18:09:22,468 - ERROR - Overlap
2025-06-13 18:17:35,335 - ERROR - Overlap
2025-06-13 18:19:32,666 - ERROR - Overlap
2025-06-13 18:19:56,542 - ERROR - Overlap
2025-06-13 18:40:17,524 - ERROR - Overlap
2025-06-13 18:41:15,601 - ERROR - Overlap
2025-06-13 18:45:09,930 - ERROR - Overlap
2025-06-13 18:46:21,781 - ERROR - Overlap
2025-06-13 18:46:37,984 - ERROR - Overlap
2025-06-13 18:52:45,413 - ERROR - Overlap
2025-06-13 18:53:18,757 - ERROR - Overlap
2025-06-13 18:53:34,999 - ERROR - Overlap
2025-06-13 19:02:34,251 - ERROR - Overlap
2025-06-13 19:09:59,613 - ERROR - Overlap
2025-06-13 19:24:59,479 - ERROR - Overlap
2025-06-13 19:28:05,420 - ERROR - Overlap
2025-06-13 19:32:41,907 - ERROR - Overlap
2025-06-13 19:35:52,482 - overlapping_time - ERROR - Overlap
2025-06-16 09:33:23,379 - overlapping_time - ERROR - Overlap
2025-06-16 09:36:39,421 - overlapping_time - ERROR - Overlap
2025-06-16 09:37:34,541 - overlapping_time - ERROR - Overlap
2025-06-16 09:42:22,866 - overlapping_time - ERROR - Overlap on Monday
2025-06-16 12:53:04,543 - overlapping - ERROR - Overlap
2025-06-16 12:53:04,548 - overlapping - ERROR - Overlap
2025-06-16 12:53:04,549 - overlapping - ERROR - Overlap
2025-06-16 12:53:04,550 - overlapping - ERROR - Overlap
2025-06-16 12:53:04,551 - overlapping - ERROR - Overlap
2025-06-16 13:48:42,938 - overlapping - ERROR - Overlap
2025-06-16 13:48:42,944 - overlapping - ERROR - Overlap
2025-06-16 13:48:42,946 - overlapping - ERROR - Overlap
2025-06-16 13:48:42,946 - overlapping - ERROR - Overlap
2025-06-16 13:48:42,947 - overlapping - ERROR - Overlap
2025-06-16 13:50:54,126 - overlapping - ERROR - Overlap
2025-06-16 13:50:54,130 - overlapping - ERROR - Overlap
2025-06-16 13:50:54,133 - overlapping - ERROR - Overlap
2025-06-16 13:50:54,133 - overlapping - ERROR - Overlap
2025-06-16 13:50:54,135 - overlapping - ERROR - Overlap
2025-06-16 13:55:46,046 - overlapping - ERROR - Overlap
2025-06-16 13:55:46,048 - overlapping - ERROR - Overlap
2025-06-16 13:55:46,050 - overlapping - ERROR - Overlap
2025-06-16 13:55:46,051 - overlapping - ERROR - Overlap
2025-06-16 13:55:46,052 - overlapping - ERROR - Overlap
2025-06-16 13:55:46,055 - overlapping - ERROR - Overlap
2025-06-16 13:55:53,938 - overlapping - ERROR - Overlap
2025-06-16 13:55:53,942 - overlapping - ERROR - Overlap
2025-06-16 13:55:53,943 - overlapping - ERROR - Overlap
2025-06-16 13:55:53,943 - overlapping - ERROR - Overlap
2025-06-16 13:55:53,944 - overlapping - ERROR - Overlap
2025-06-16 14:09:12,183 - overlapping - ERROR - Overlap
2025-06-16 14:09:12,189 - overlapping - ERROR - Overlap
2025-06-16 14:09:12,190 - overlapping - ERROR - Overlap
2025-06-16 14:09:12,190 - overlapping - ERROR - Overlap
2025-06-16 14:09:12,192 - overlapping - ERROR - Overlap
2025-06-16 14:09:24,545 - overlapping - ERROR - Overlap
2025-06-16 14:09:24,550 - overlapping - ERROR - Overlap
2025-06-16 14:09:24,551 - overlapping - ERROR - Overlap
2025-06-16 14:09:24,551 - overlapping - ERROR - Overlap
2025-06-16 14:09:24,554 - overlapping - ERROR - Overlap
2025-06-16 16:00:38,376 - overlapping - ERROR - Overlap
2025-06-16 16:00:38,378 - overlapping - ERROR - Overlap
2025-06-16 16:00:38,379 - overlapping - ERROR - Overlap
2025-06-16 16:00:38,379 - overlapping - ERROR - Overlap
2025-06-16 16:00:38,380 - overlapping - ERROR - Overlap
2025-06-18 10:28:20,378 - overlapping - ERROR - Overlap
2025-06-18 10:28:20,388 - overlapping - ERROR - Overlap
2025-06-18 10:28:20,390 - overlapping - ERROR - Overlap
2025-06-18 10:28:20,392 - overlapping - ERROR - Overlap
2025-06-18 10:28:20,395 - overlapping - ERROR - Overlap
2025-06-18 10:29:23,512 - overlapping - ERROR - Overlap
2025-06-18 10:29:23,521 - overlapping - ERROR - Overlap
2025-06-18 10:29:23,522 - overlapping - ERROR - Overlap
2025-06-18 10:29:23,524 - overlapping - ERROR - Overlap
2025-06-18 10:29:23,528 - overlapping - ERROR - Overlap
2025-06-18 11:05:00,964 - overlapping - ERROR - Overlap
2025-06-18 11:05:00,970 - overlapping - ERROR - Overlap
2025-06-18 11:05:00,971 - overlapping - ERROR - Overlap
2025-06-18 11:05:00,972 - overlapping - ERROR - Overlap
2025-06-18 11:05:00,975 - overlapping - ERROR - Overlap
2025-06-18 11:11:10,696 - overlapping - ERROR - Overlap
2025-06-18 11:11:10,703 - overlapping - ERROR - Overlap
2025-06-18 11:11:10,704 - overlapping - ERROR - Overlap
2025-06-18 11:11:10,705 - overlapping - ERROR - Overlap
2025-06-18 11:11:10,710 - overlapping - ERROR - Overlap
2025-06-18 11:11:53,211 - overlapping - ERROR - Overlap
2025-06-18 11:11:53,220 - overlapping - ERROR - invalid range
2025-06-18 11:11:53,223 - overlapping - ERROR - Overlap
2025-06-18 11:11:53,224 - overlapping - ERROR - Overlap
2025-06-18 11:11:53,225 - overlapping - ERROR - Overlap
2025-06-18 11:11:53,228 - overlapping - ERROR - Overlap
2025-06-18 11:22:03,999 - overlapping - ERROR - Overlap
2025-06-18 11:22:04,003 - overlapping - ERROR - invalid range
2025-06-18 11:22:04,004 - overlapping - ERROR - Overlap
2025-06-18 11:22:04,005 - overlapping - ERROR - Overlap
2025-06-18 11:22:04,005 - overlapping - ERROR - Overlap
2025-06-18 11:22:04,008 - overlapping - ERROR - Overlap
2025-06-18 11:22:28,668 - overlapping - ERROR - Overlap
2025-06-18 11:22:28,675 - overlapping - ERROR - invalid range
2025-06-18 11:22:28,677 - overlapping - ERROR - Overlap
2025-06-18 11:22:28,677 - overlapping - ERROR - Overlap
2025-06-18 11:22:28,678 - overlapping - ERROR - Overlap
2025-06-18 11:22:28,680 - overlapping - ERROR - Overlap
2025-06-18 11:24:02,575 - overlapping - ERROR - Overlap
2025-06-18 11:24:02,578 - overlapping - ERROR - empty input
2025-06-18 11:24:02,582 - overlapping - ERROR - invalid range
2025-06-18 11:24:02,585 - overlapping - ERROR - Overlap
2025-06-18 11:24:02,586 - overlapping - ERROR - Overlap
2025-06-18 11:24:02,589 - overlapping - ERROR - Overlap
2025-06-18 11:24:02,592 - overlapping - ERROR - Overlap
2025-06-18 11:26:55,038 - overlapping - ERROR - Overlap
2025-06-18 11:26:55,043 - overlapping - ERROR - empty input
2025-06-18 11:26:55,046 - overlapping - ERROR - invalid range
2025-06-18 11:26:55,049 - overlapping - ERROR - Overlap
2025-06-18 11:26:55,051 - overlapping - ERROR - Overlap
2025-06-18 11:26:55,052 - overlapping - ERROR - Overlap
2025-06-18 11:26:55,055 - overlapping - ERROR - Overlap
2025-06-18 13:40:45,648 - overlapping - ERROR - Overlap
2025-06-18 13:40:45,651 - overlapping - ERROR - empty input
2025-06-18 13:40:45,655 - overlapping - ERROR - invalid range
2025-06-18 13:40:45,656 - overlapping - ERROR - Overlap
2025-06-18 13:40:45,656 - overlapping - ERROR - Overlap
2025-06-18 13:40:45,656 - overlapping - ERROR - Overlap
2025-06-18 13:40:45,658 - overlapping - ERROR - Overlap
2025-06-18 13:46:12,057 - ERROR - Overlap
2025-06-18 13:46:12,061 - ERROR - empty input
2025-06-18 13:46:12,064 - ERROR - invalid range
2025-06-18 13:46:12,067 - ERROR - Overlap
2025-06-18 13:46:12,068 - ERROR - Overlap
2025-06-18 13:46:12,068 - ERROR - Overlap
2025-06-18 13:46:12,071 - ERROR - Overlap
2025-06-18 13:48:25,411 - ERROR - Overlap
2025-06-18 13:48:25,414 - ERROR - empty input
2025-06-18 13:48:25,416 - ERROR - invalid range
2025-06-18 13:48:25,417 - ERROR - Overlap
2025-06-18 13:48:25,418 - ERROR - Overlap
2025-06-18 13:48:25,419 - ERROR - Overlap
2025-06-18 13:48:25,422 - ERROR - Overlap
2025-06-18 13:51:24,145 - ERROR - Overlap
2025-06-18 13:51:24,151 - ERROR - invalid input
2025-06-18 13:51:24,152 - ERROR - invalid input
2025-06-18 13:51:24,154 - ERROR - invalid range
2025-06-18 13:51:24,157 - ERROR - Overlap
2025-06-18 13:51:24,159 - ERROR - Overlap
2025-06-18 13:51:24,161 - ERROR - Overlap
2025-06-18 13:51:24,166 - ERROR - Overlap
2025-06-18 14:31:47,812 - ERROR - Overlap
2025-06-18 14:31:47,821 - ERROR - invalid format
2025-06-18 14:31:47,824 - ERROR - invalid input
2025-06-18 14:31:47,826 - ERROR - invalid input
2025-06-18 14:31:47,828 - ERROR - invalid range
2025-06-18 14:31:47,834 - ERROR - Overlap
2025-06-18 14:31:47,836 - ERROR - Overlap
2025-06-18 14:31:47,838 - ERROR - Overlap
2025-06-18 14:31:47,844 - ERROR - Overlap
2025-06-18 14:35:06,297 - ERROR - invalid input
2025-06-18 14:35:06,300 - ERROR - invalid input
2025-06-18 14:36:14,690 - ERROR - invalid input
2025-06-18 14:36:14,693 - ERROR - invalid input
2025-06-18 14:44:40,369 - ERROR - invalid input
2025-06-18 14:44:40,370 - ERROR - invalid input
2025-06-18 14:47:48,010 - ERROR - Overlap
2025-06-18 14:47:48,016 - ERROR - invalid range
2025-06-18 14:47:48,018 - ERROR - invalid input
2025-06-18 14:47:48,019 - ERROR - invalid input
2025-06-18 14:47:48,021 - ERROR - invalid range
2025-06-18 14:47:48,025 - ERROR - Overlap
2025-06-18 14:47:48,028 - ERROR - Overlap
2025-06-18 14:47:48,033 - ERROR - Overlap
2025-06-18 15:03:32,330 - ERROR - Overlap
2025-06-18 15:03:32,336 - ERROR - invalid format
2025-06-18 15:03:32,339 - ERROR - invalid input
2025-06-18 15:03:32,340 - ERROR - invalid input
2025-06-18 15:03:32,343 - ERROR - invalid range
2025-06-18 15:03:32,348 - ERROR - Overlap
2025-06-18 15:03:32,350 - ERROR - Overlap
2025-06-18 15:03:32,351 - ERROR - Overlap
2025-06-18 15:03:32,357 - ERROR - Overlap
2025-06-18 15:05:00,754 - ERROR - Overlap
2025-06-18 15:05:00,759 - ERROR - invalid input
2025-06-18 15:05:00,761 - ERROR - invalid input
2025-06-18 15:05:00,762 - ERROR - invalid range
2025-06-18 15:05:00,765 - ERROR - Overlap
2025-06-18 15:05:00,766 - ERROR - Overlap
2025-06-18 15:05:00,767 - ERROR - Overlap
2025-06-18 15:05:00,771 - ERROR - Overlap
2025-06-19 10:29:39,773 - ERROR - Overlap
2025-06-19 10:29:39,780 - ERROR - invalid input
2025-06-19 10:29:39,781 - ERROR - invalid input
2025-06-19 10:29:39,784 - ERROR - invalid range
2025-06-19 10:29:39,788 - ERROR - Overlap
2025-06-19 10:29:39,789 - ERROR - Overlap
2025-06-19 10:29:39,790 - ERROR - Overlap
2025-06-19 10:29:39,798 - ERROR - Overlap
2025-06-19 10:30:48,340 - ERROR - Overlap
2025-06-19 10:30:48,349 - ERROR - invalid input
2025-06-19 10:30:48,352 - ERROR - invalid input
2025-06-19 10:30:48,357 - ERROR - Overlap
2025-06-19 10:30:48,359 - ERROR - Overlap
2025-06-19 10:30:48,360 - ERROR - Overlap
2025-06-19 10:30:48,368 - ERROR - Overlap
